d:\sourcecode\c++\自适应参考\shm-12.4_adaptive_v2\build\vc2017\x64\debug\tlibcommon\tlibcommon.pdb
d:\sourcecode\c++\自适应参考\shm-12.4_adaptive_v2\build\vc2017\x64\debug\tlibcommon\tlibcommon.idb
d:\sourcecode\c++\自适应参考\shm-12.4_adaptive_v2\build\vc2017\x64\debug\tlibcommon\libmd5.obj
d:\sourcecode\c++\自适应参考\shm-12.4_adaptive_v2\build\vc2017\x64\debug\tlibcommon\tcomdatacu.obj
d:\sourcecode\c++\自适应参考\shm-12.4_adaptive_v2\build\vc2017\x64\debug\tlibcommon\tcominterpolationfilter.obj
d:\sourcecode\c++\自适应参考\shm-12.4_adaptive_v2\build\vc2017\x64\debug\tlibcommon\tcomloopfilter.obj
d:\sourcecode\c++\自适应参考\shm-12.4_adaptive_v2\build\vc2017\x64\debug\tlibcommon\tcommotioninfo.obj
d:\sourcecode\c++\自适应参考\shm-12.4_adaptive_v2\build\vc2017\x64\debug\tlibcommon\tcompattern.obj
d:\sourcecode\c++\自适应参考\shm-12.4_adaptive_v2\build\vc2017\x64\debug\tlibcommon\tcompic.obj
d:\sourcecode\c++\自适应参考\shm-12.4_adaptive_v2\build\vc2017\x64\debug\tlibcommon\tcompicsym.obj
d:\sourcecode\c++\自适应参考\shm-12.4_adaptive_v2\build\vc2017\x64\debug\tlibcommon\tcompicyuv.obj
d:\sourcecode\c++\自适应参考\shm-12.4_adaptive_v2\build\vc2017\x64\debug\tlibcommon\tcompicyuvmd5.obj
d:\sourcecode\c++\自适应参考\shm-12.4_adaptive_v2\build\vc2017\x64\debug\tlibcommon\tcomprediction.obj
d:\sourcecode\c++\自适应参考\shm-12.4_adaptive_v2\build\vc2017\x64\debug\tlibcommon\tcomrdcost.obj
d:\sourcecode\c++\自适应参考\shm-12.4_adaptive_v2\build\vc2017\x64\debug\tlibcommon\tcomrdcostweightprediction.obj
d:\sourcecode\c++\自适应参考\shm-12.4_adaptive_v2\build\vc2017\x64\debug\tlibcommon\tcomrom.obj
d:\sourcecode\c++\自适应参考\shm-12.4_adaptive_v2\build\vc2017\x64\debug\tlibcommon\tcomsampleadaptiveoffset.obj
d:\sourcecode\c++\自适应参考\shm-12.4_adaptive_v2\build\vc2017\x64\debug\tlibcommon\tcomslice.obj
d:\sourcecode\c++\自适应参考\shm-12.4_adaptive_v2\build\vc2017\x64\debug\tlibcommon\tcomtrquant.obj
d:\sourcecode\c++\自适应参考\shm-12.4_adaptive_v2\build\vc2017\x64\debug\tlibcommon\tcomtu.obj
d:\sourcecode\c++\自适应参考\shm-12.4_adaptive_v2\build\vc2017\x64\debug\tlibcommon\tcomupsamplefilter.obj
d:\sourcecode\c++\自适应参考\shm-12.4_adaptive_v2\build\vc2017\x64\debug\tlibcommon\tcomweightprediction.obj
d:\sourcecode\c++\自适应参考\shm-12.4_adaptive_v2\build\vc2017\x64\debug\tlibcommon\tcomyuv.obj
d:\sourcecode\c++\自适应参考\shm-12.4_adaptive_v2\build\vc2017\x64\debug\tlibcommon\contextmodel.obj
d:\sourcecode\c++\自适应参考\shm-12.4_adaptive_v2\build\vc2017\x64\debug\tlibcommon\contextmodel3dbuffer.obj
d:\sourcecode\c++\自适应参考\shm-12.4_adaptive_v2\build\vc2017\x64\debug\tlibcommon\debug.obj
d:\sourcecode\c++\自适应参考\shm-12.4_adaptive_v2\build\vc2017\x64\debug\tlibcommon\sei.obj
d:\sourcecode\c++\自适应参考\shm-12.4_adaptive_v2\build\vc2017\x64\debug\tlibcommon\tcom3dasymlut.obj
d:\sourcecode\c++\自适应参考\shm-12.4_adaptive_v2\build\vc2017\x64\debug\tlibcommon\tcombitstream.obj
d:\sourcecode\c++\自适应参考\shm-12.4_adaptive_v2\build\vc2017\x64\debug\tlibcommon\tcomcabactables.obj
d:\sourcecode\c++\自适应参考\shm-12.4_adaptive_v2\build\vc2017\x64\debug\tlibcommon\tcomchromaformat.obj
d:\sourcecode\c++\自适应参考\shm-12.4_adaptive_v2\build\vc2017\x64\debug\tlibcommon\tlibcommon.lib
d:\sourcecode\c++\自适应参考\shm-12.4_adaptive_v2\build\\vc2017\x64\debug\tlibcommon\tlibcommon.pdb
d:\sourcecode\c++\自适应参考\shm-12.4_adaptive_v2\build\\vc2017\x64\debug\tlibcommon\tlibcommon.lib
d:\sourcecode\c++\自适应参考\shm-12.4_adaptive_v2\build\vc2017\x64\debug\tlibcommon\tlibcommon.tlog\cl.command.1.tlog
d:\sourcecode\c++\自适应参考\shm-12.4_adaptive_v2\build\vc2017\x64\debug\tlibcommon\tlibcommon.tlog\cl.read.1.tlog
d:\sourcecode\c++\自适应参考\shm-12.4_adaptive_v2\build\vc2017\x64\debug\tlibcommon\tlibcommon.tlog\cl.write.1.tlog
d:\sourcecode\c++\自适应参考\shm-12.4_adaptive_v2\build\vc2017\x64\debug\tlibcommon\tlibcommon.tlog\lib-link.read.1.tlog
d:\sourcecode\c++\自适应参考\shm-12.4_adaptive_v2\build\vc2017\x64\debug\tlibcommon\tlibcommon.tlog\lib-link.write.1.tlog
d:\sourcecode\c++\自适应参考\shm-12.4_adaptive_v2\build\vc2017\x64\debug\tlibcommon\tlibcommon.tlog\lib.command.1.tlog
