cl : 命令行 warning D9035: “Gm”选项已否决，并将在将来的版本中移除
  WeightPredAnalysis.cpp
  TEncTop.cpp
  TEncSlice.cpp
  TEncSearch.cpp
  TEncSbac.cpp
  TEncSampleAdaptiveOffset.cpp
  TEncRateCtrl.cpp
  TEncPreanalyzer.cpp
  TEncPic.cpp
  TEncGOP.cpp
  TEncEntropy.cpp
  TEncCu.cpp
  TEncCavlc.cpp
  TEncBinCoderCABACCounter.cpp
  TEncBinCoderCABAC.cpp
  TEnc3DAsymLUT.cpp
  SyntaxElementWriter.cpp
  SEIwrite.cpp
  SEIEncoder.cpp
  NALwrite.cpp
  正在生成代码...
  TLibEncoder_vc2017.vcxproj -> D:\SourceCode\C++\自适应参考\SHM-12.4_adaptive_v2\build\\vc2017\x64\Debug\TLibEncoder\TLibEncoder.lib
