d:\sourcecode\c++\自适应参考\shm-12.4_adaptive_v2\build\vc2017\x64\debug\tlibencoder\tlibencoder.pdb
d:\sourcecode\c++\自适应参考\shm-12.4_adaptive_v2\build\vc2017\x64\debug\tlibencoder\tlibencoder.idb
d:\sourcecode\c++\自适应参考\shm-12.4_adaptive_v2\build\vc2017\x64\debug\tlibencoder\nalwrite.obj
d:\sourcecode\c++\自适应参考\shm-12.4_adaptive_v2\build\vc2017\x64\debug\tlibencoder\seiencoder.obj
d:\sourcecode\c++\自适应参考\shm-12.4_adaptive_v2\build\vc2017\x64\debug\tlibencoder\seiwrite.obj
d:\sourcecode\c++\自适应参考\shm-12.4_adaptive_v2\build\vc2017\x64\debug\tlibencoder\syntaxelementwriter.obj
d:\sourcecode\c++\自适应参考\shm-12.4_adaptive_v2\build\vc2017\x64\debug\tlibencoder\tenc3dasymlut.obj
d:\sourcecode\c++\自适应参考\shm-12.4_adaptive_v2\build\vc2017\x64\debug\tlibencoder\tencbincodercabac.obj
d:\sourcecode\c++\自适应参考\shm-12.4_adaptive_v2\build\vc2017\x64\debug\tlibencoder\tencbincodercabaccounter.obj
d:\sourcecode\c++\自适应参考\shm-12.4_adaptive_v2\build\vc2017\x64\debug\tlibencoder\tenccavlc.obj
d:\sourcecode\c++\自适应参考\shm-12.4_adaptive_v2\build\vc2017\x64\debug\tlibencoder\tenccu.obj
d:\sourcecode\c++\自适应参考\shm-12.4_adaptive_v2\build\vc2017\x64\debug\tlibencoder\tencentropy.obj
d:\sourcecode\c++\自适应参考\shm-12.4_adaptive_v2\build\vc2017\x64\debug\tlibencoder\tencgop.obj
d:\sourcecode\c++\自适应参考\shm-12.4_adaptive_v2\build\vc2017\x64\debug\tlibencoder\tencpic.obj
d:\sourcecode\c++\自适应参考\shm-12.4_adaptive_v2\build\vc2017\x64\debug\tlibencoder\tencpreanalyzer.obj
d:\sourcecode\c++\自适应参考\shm-12.4_adaptive_v2\build\vc2017\x64\debug\tlibencoder\tencratectrl.obj
d:\sourcecode\c++\自适应参考\shm-12.4_adaptive_v2\build\vc2017\x64\debug\tlibencoder\tencsampleadaptiveoffset.obj
d:\sourcecode\c++\自适应参考\shm-12.4_adaptive_v2\build\vc2017\x64\debug\tlibencoder\tencsbac.obj
d:\sourcecode\c++\自适应参考\shm-12.4_adaptive_v2\build\vc2017\x64\debug\tlibencoder\tencsearch.obj
d:\sourcecode\c++\自适应参考\shm-12.4_adaptive_v2\build\vc2017\x64\debug\tlibencoder\tencslice.obj
d:\sourcecode\c++\自适应参考\shm-12.4_adaptive_v2\build\vc2017\x64\debug\tlibencoder\tenctop.obj
d:\sourcecode\c++\自适应参考\shm-12.4_adaptive_v2\build\vc2017\x64\debug\tlibencoder\weightpredanalysis.obj
d:\sourcecode\c++\自适应参考\shm-12.4_adaptive_v2\build\vc2017\x64\debug\tlibencoder\tlibencoder.lib
d:\sourcecode\c++\自适应参考\shm-12.4_adaptive_v2\build\\vc2017\x64\debug\tlibencoder\tlibencoder.pdb
d:\sourcecode\c++\自适应参考\shm-12.4_adaptive_v2\build\\vc2017\x64\debug\tlibencoder\tlibencoder.lib
d:\sourcecode\c++\自适应参考\shm-12.4_adaptive_v2\build\vc2017\x64\debug\tlibencoder\tlibencoder.tlog\cl.command.1.tlog
d:\sourcecode\c++\自适应参考\shm-12.4_adaptive_v2\build\vc2017\x64\debug\tlibencoder\tlibencoder.tlog\cl.read.1.tlog
d:\sourcecode\c++\自适应参考\shm-12.4_adaptive_v2\build\vc2017\x64\debug\tlibencoder\tlibencoder.tlog\cl.write.1.tlog
d:\sourcecode\c++\自适应参考\shm-12.4_adaptive_v2\build\vc2017\x64\debug\tlibencoder\tlibencoder.tlog\lib-link.read.1.tlog
d:\sourcecode\c++\自适应参考\shm-12.4_adaptive_v2\build\vc2017\x64\debug\tlibencoder\tlibencoder.tlog\lib-link.write.1.tlog
d:\sourcecode\c++\自适应参考\shm-12.4_adaptive_v2\build\vc2017\x64\debug\tlibencoder\tlibencoder.tlog\lib.command.1.tlog
