d:\sourcecode\c++\自适应参考\shm-12.4_adaptive_v2\build\vc2017\x64\debug\tlibdecoderanalyser\tlibdecoderanalyser.pdb
d:\sourcecode\c++\自适应参考\shm-12.4_adaptive_v2\build\vc2017\x64\debug\tlibdecoderanalyser\tlibdecoderanalyser.idb
d:\sourcecode\c++\自适应参考\shm-12.4_adaptive_v2\build\vc2017\x64\debug\tlibdecoderanalyser\annexbread.obj
d:\sourcecode\c++\自适应参考\shm-12.4_adaptive_v2\build\vc2017\x64\debug\tlibdecoderanalyser\nalread.obj
d:\sourcecode\c++\自适应参考\shm-12.4_adaptive_v2\build\vc2017\x64\debug\tlibdecoderanalyser\seiread.obj
d:\sourcecode\c++\自适应参考\shm-12.4_adaptive_v2\build\vc2017\x64\debug\tlibdecoderanalyser\syntaxelementparser.obj
d:\sourcecode\c++\自适应参考\shm-12.4_adaptive_v2\build\vc2017\x64\debug\tlibdecoderanalyser\tdecbincodercabac.obj
d:\sourcecode\c++\自适应参考\shm-12.4_adaptive_v2\build\vc2017\x64\debug\tlibdecoderanalyser\tdeccavlc.obj
d:\sourcecode\c++\自适应参考\shm-12.4_adaptive_v2\build\vc2017\x64\debug\tlibdecoderanalyser\tdeccu.obj
d:\sourcecode\c++\自适应参考\shm-12.4_adaptive_v2\build\vc2017\x64\debug\tlibdecoderanalyser\tdecentropy.obj
d:\sourcecode\c++\自适应参考\shm-12.4_adaptive_v2\build\vc2017\x64\debug\tlibdecoderanalyser\tdecgop.obj
d:\sourcecode\c++\自适应参考\shm-12.4_adaptive_v2\build\vc2017\x64\debug\tlibdecoderanalyser\tdecsbac.obj
d:\sourcecode\c++\自适应参考\shm-12.4_adaptive_v2\build\vc2017\x64\debug\tlibdecoderanalyser\tdecslice.obj
d:\sourcecode\c++\自适应参考\shm-12.4_adaptive_v2\build\vc2017\x64\debug\tlibdecoderanalyser\tdectop.obj
d:\sourcecode\c++\自适应参考\shm-12.4_adaptive_v2\build\vc2017\x64\debug\tlibdecoderanalyser\tlibdecoderanalyser.lib
d:\sourcecode\c++\自适应参考\shm-12.4_adaptive_v2\build\\vc2017\x64\debug\tlibdecoderanalyser\tlibdecoderanalyser.pdb
d:\sourcecode\c++\自适应参考\shm-12.4_adaptive_v2\build\\vc2017\x64\debug\tlibdecoderanalyser\tlibdecoderanalyser.lib
d:\sourcecode\c++\自适应参考\shm-12.4_adaptive_v2\build\vc2017\x64\debug\tlibdecoderanalyser\tlibdeco.68c1251a.tlog\cl.command.1.tlog
d:\sourcecode\c++\自适应参考\shm-12.4_adaptive_v2\build\vc2017\x64\debug\tlibdecoderanalyser\tlibdeco.68c1251a.tlog\cl.read.1.tlog
d:\sourcecode\c++\自适应参考\shm-12.4_adaptive_v2\build\vc2017\x64\debug\tlibdecoderanalyser\tlibdeco.68c1251a.tlog\cl.write.1.tlog
d:\sourcecode\c++\自适应参考\shm-12.4_adaptive_v2\build\vc2017\x64\debug\tlibdecoderanalyser\tlibdeco.68c1251a.tlog\lib-link.read.1.tlog
d:\sourcecode\c++\自适应参考\shm-12.4_adaptive_v2\build\vc2017\x64\debug\tlibdecoderanalyser\tlibdeco.68c1251a.tlog\lib-link.write.1.tlog
d:\sourcecode\c++\自适应参考\shm-12.4_adaptive_v2\build\vc2017\x64\debug\tlibdecoderanalyser\tlibdeco.68c1251a.tlog\lib.command.1.tlog
