d:\sourcecode\c++\自适应参考\shm-12.4_adaptive_v2\build\vc2017\x64\debug\tlibdecoder\tlibdecoder.pdb
d:\sourcecode\c++\自适应参考\shm-12.4_adaptive_v2\build\vc2017\x64\debug\tlibdecoder\tlibdecoder.idb
d:\sourcecode\c++\自适应参考\shm-12.4_adaptive_v2\build\vc2017\x64\debug\tlibdecoder\annexbread.obj
d:\sourcecode\c++\自适应参考\shm-12.4_adaptive_v2\build\vc2017\x64\debug\tlibdecoder\nalread.obj
d:\sourcecode\c++\自适应参考\shm-12.4_adaptive_v2\build\vc2017\x64\debug\tlibdecoder\seiread.obj
d:\sourcecode\c++\自适应参考\shm-12.4_adaptive_v2\build\vc2017\x64\debug\tlibdecoder\syntaxelementparser.obj
d:\sourcecode\c++\自适应参考\shm-12.4_adaptive_v2\build\vc2017\x64\debug\tlibdecoder\tdecbincodercabac.obj
d:\sourcecode\c++\自适应参考\shm-12.4_adaptive_v2\build\vc2017\x64\debug\tlibdecoder\tdeccavlc.obj
d:\sourcecode\c++\自适应参考\shm-12.4_adaptive_v2\build\vc2017\x64\debug\tlibdecoder\tdeccu.obj
d:\sourcecode\c++\自适应参考\shm-12.4_adaptive_v2\build\vc2017\x64\debug\tlibdecoder\tdecentropy.obj
d:\sourcecode\c++\自适应参考\shm-12.4_adaptive_v2\build\vc2017\x64\debug\tlibdecoder\tdecgop.obj
d:\sourcecode\c++\自适应参考\shm-12.4_adaptive_v2\build\vc2017\x64\debug\tlibdecoder\tdecsbac.obj
d:\sourcecode\c++\自适应参考\shm-12.4_adaptive_v2\build\vc2017\x64\debug\tlibdecoder\tdecslice.obj
d:\sourcecode\c++\自适应参考\shm-12.4_adaptive_v2\build\vc2017\x64\debug\tlibdecoder\tdectop.obj
d:\sourcecode\c++\自适应参考\shm-12.4_adaptive_v2\build\vc2017\x64\debug\tlibdecoder\tlibdecoder.lib
d:\sourcecode\c++\自适应参考\shm-12.4_adaptive_v2\build\\vc2017\x64\debug\tlibdecoder\tlibdecoder.pdb
d:\sourcecode\c++\自适应参考\shm-12.4_adaptive_v2\build\\vc2017\x64\debug\tlibdecoder\tlibdecoder.lib
d:\sourcecode\c++\自适应参考\shm-12.4_adaptive_v2\build\vc2017\x64\debug\tlibdecoder\tlibdecoder.tlog\cl.command.1.tlog
d:\sourcecode\c++\自适应参考\shm-12.4_adaptive_v2\build\vc2017\x64\debug\tlibdecoder\tlibdecoder.tlog\cl.read.1.tlog
d:\sourcecode\c++\自适应参考\shm-12.4_adaptive_v2\build\vc2017\x64\debug\tlibdecoder\tlibdecoder.tlog\cl.write.1.tlog
d:\sourcecode\c++\自适应参考\shm-12.4_adaptive_v2\build\vc2017\x64\debug\tlibdecoder\tlibdecoder.tlog\lib-link.read.1.tlog
d:\sourcecode\c++\自适应参考\shm-12.4_adaptive_v2\build\vc2017\x64\debug\tlibdecoder\tlibdecoder.tlog\lib-link.write.1.tlog
d:\sourcecode\c++\自适应参考\shm-12.4_adaptive_v2\build\vc2017\x64\debug\tlibdecoder\tlibdecoder.tlog\lib.command.1.tlog
